-encoding
UTF-8
-outxml
-source
6
-target
6
-classpath
/Users/sudhir/.m2/repository/antlr/antlr/2.7.6/antlr-2.7.6.jar:/Users/sudhir/.m2/repository/aopalliance/aopalliance/1.0/aopalliance-1.0.jar:/Users/sudhir/.m2/repository/avalon-framework/avalon-framework/4.1.3/avalon-framework-4.1.3.jar:/Users/sudhir/.m2/repository/cglib/cglib-nodep/2.2.2/cglib-nodep-2.2.2.jar:/Users/sudhir/.m2/repository/com/oracle/ojdbc14/10.2.0/ojdbc14-10.2.0.jar:/Users/sudhir/.m2/repository/com/thoughtworks/xstream/xstream/1.3/xstream-1.3.jar:/Users/sudhir/.m2/repository/commons-beanutils/commons-beanutils/1.8.3/commons-beanutils-1.8.3.jar:/Users/sudhir/.m2/repository/commons-codec/commons-codec/1.5/commons-codec-1.5.jar:/Users/sudhir/.m2/repository/commons-collections/commons-collections/3.2.1/commons-collections-3.2.1.jar:/Users/sudhir/.m2/repository/commons-dbcp/commons-dbcp/1.3/commons-dbcp-1.3.jar:/Users/sudhir/.m2/repository/commons-digester/commons-digester/2.1/commons-digester-2.1.jar:/Users/sudhir/.m2/repository/commons-fileupload/commons-fileupload/1.2.2/commons-fileupload-1.2.2.jar:/Users/sudhir/.m2/repository/commons-io/commons-io/1.4/commons-io-1.4.jar:/Users/sudhir/.m2/repository/commons-logging/commons-logging/1.1/commons-logging-1.1.jar:/Users/sudhir/.m2/repository/commons-pool/commons-pool/1.5.6/commons-pool-1.5.6.jar:/Users/sudhir/.m2/repository/dom4j/dom4j/1.6.1/dom4j-1.6.1.jar:/Users/sudhir/.m2/repository/javassist/javassist/3.12.0.GA/javassist-3.12.0.GA.jar:/Users/sudhir/.m2/repository/javax/el/el-api/1.0/el-api-1.0.jar:/Users/sudhir/.m2/repository/javax/servlet/servlet-api/2.5/servlet-api-2.5.jar:/Users/sudhir/.m2/repository/javax/servlet/jsp/jsp-api/2.1/jsp-api-2.1.jar:/Users/sudhir/.m2/repository/javax/servlet/jsp/jstl/jstl-api/1.2/jstl-api-1.2.jar:/Users/sudhir/.m2/repository/javax/transaction/jta/1.1/jta-1.1.jar:/Users/sudhir/.m2/repository/javax/validation/validation-api/1.0.0.GA/validation-api-1.0.0.GA.jar:/Users/sudhir/.m2/repository/joda-time/joda-time/2.1/joda-time-2.1.jar:/Users/sudhir/.m2/repository/junit/junit/4.10/junit-4.10.jar:/Users/sudhir/.m2/repository/log4j/log4j/1.2.16/log4j-1.2.16.jar:/Users/sudhir/.m2/repository/logkit/logkit/1.0.1/logkit-1.0.1.jar:/Users/sudhir/.m2/repository/mysql/mysql-connector-java/5.1.18/mysql-connector-java-5.1.18.jar:/Users/sudhir/.m2/repository/net/sf/flexjson/flexjson/2.1/flexjson-2.1.jar:/Users/sudhir/.m2/repository/org/apache/commons/commons-lang3/3.1/commons-lang3-3.1.jar:/Users/sudhir/.m2/repository/org/apache/tiles/tiles-api/2.2.2/tiles-api-2.2.2.jar:/Users/sudhir/.m2/repository/org/apache/tiles/tiles-core/2.2.2/tiles-core-2.2.2.jar:/Users/sudhir/.m2/repository/org/apache/tiles/tiles-jsp/2.2.2/tiles-jsp-2.2.2.jar:/Users/sudhir/.m2/repository/org/apache/tiles/tiles-servlet/2.2.2/tiles-servlet-2.2.2.jar:/Users/sudhir/.m2/repository/org/apache/tiles/tiles-template/2.2.2/tiles-template-2.2.2.jar:/Users/sudhir/.m2/repository/org/aspectj/aspectjrt/1.7.0.RC1/aspectjrt-1.7.0.RC1.jar:/Users/sudhir/.m2/repository/org/aspectj/aspectjweaver/1.7.0.RC1/aspectjweaver-1.7.0.RC1.jar:/Users/sudhir/.m2/repository/org/codehaus/jettison/jettison/1.1/jettison-1.1.jar:/Users/sudhir/.m2/repository/org/glassfish/web/jstl-impl/1.2/jstl-impl-1.2.jar:/Users/sudhir/.m2/repository/org/hibernate/hibernate-commons-annotations/3.2.0.Final/hibernate-commons-annotations-3.2.0.Final.jar:/Users/sudhir/.m2/repository/org/hibernate/hibernate-core/3.6.9.Final/hibernate-core-3.6.9.Final.jar:/Users/sudhir/.m2/repository/org/hibernate/hibernate-entitymanager/3.6.9.Final/hibernate-entitymanager-3.6.9.Final.jar:/Users/sudhir/.m2/repository/org/hibernate/hibernate-validator/4.2.0.Final/hibernate-validator-4.2.0.Final.jar:/Users/sudhir/.m2/repository/org/hibernate/javax/persistence/hibernate-jpa-2.0-api/1.0.1.Final/hibernate-jpa-2.0-api-1.0.1.Final.jar:/Users/sudhir/.m2/repository/org/opensymphony/quartz/quartz/1.6.1/quartz-1.6.1.jar:/Users/sudhir/.m2/repository/org/slf4j/jcl-over-slf4j/1.6.4/jcl-over-slf4j-1.6.4.jar:/Users/sudhir/.m2/repository/org/slf4j/slf4j-api/1.6.4/slf4j-api-1.6.4.jar:/Users/sudhir/.m2/repository/org/slf4j/slf4j-log4j12/1.6.4/slf4j-log4j12-1.6.4.jar:/Users/sudhir/.m2/repository/org/springframework/spring-aop/3.1.1.RELEASE/spring-aop-3.1.1.RELEASE.jar:/Users/sudhir/.m2/repository/org/springframework/spring-asm/3.1.1.RELEASE/spring-asm-3.1.1.RELEASE.jar:/Users/sudhir/.m2/repository/org/springframework/spring-aspects/3.1.1.RELEASE/spring-aspects-3.1.1.RELEASE.jar:/Users/sudhir/.m2/repository/org/springframework/spring-beans/3.1.1.RELEASE/spring-beans-3.1.1.RELEASE.jar:/Users/sudhir/.m2/repository/org/springframework/spring-context/3.1.1.RELEASE/spring-context-3.1.1.RELEASE.jar:/Users/sudhir/.m2/repository/org/springframework/spring-context-support/3.1.1.RELEASE/spring-context-support-3.1.1.RELEASE.jar:/Users/sudhir/.m2/repository/org/springframework/spring-core/3.1.1.RELEASE/spring-core-3.1.1.RELEASE.jar:/Users/sudhir/.m2/repository/org/springframework/spring-expression/3.1.1.RELEASE/spring-expression-3.1.1.RELEASE.jar:/Users/sudhir/.m2/repository/org/springframework/spring-jdbc/3.1.1.RELEASE/spring-jdbc-3.1.1.RELEASE.jar:/Users/sudhir/.m2/repository/org/springframework/spring-orm/3.1.1.RELEASE/spring-orm-3.1.1.RELEASE.jar:/Users/sudhir/.m2/repository/org/springframework/spring-test/3.1.1.RELEASE/spring-test-3.1.1.RELEASE.jar:/Users/sudhir/.m2/repository/org/springframework/spring-tx/3.1.1.RELEASE/spring-tx-3.1.1.RELEASE.jar:/Users/sudhir/.m2/repository/org/springframework/spring-web/3.1.1.RELEASE/spring-web-3.1.1.RELEASE.jar:/Users/sudhir/.m2/repository/org/springframework/spring-webmvc/3.1.1.RELEASE/spring-webmvc-3.1.1.RELEASE.jar:/Users/sudhir/.m2/repository/org/springframework/batch/spring-batch-core/2.1.7.RELEASE/spring-batch-core-2.1.7.RELEASE.jar:/Users/sudhir/.m2/repository/org/springframework/batch/spring-batch-infrastructure/2.1.7.RELEASE/spring-batch-infrastructure-2.1.7.RELEASE.jar:/Users/sudhir/.m2/repository/org/springframework/roo/org.springframework.roo.annotations/1.2.3.RELEASE/org.springframework.roo.annotations-1.2.3.RELEASE.jar:/Users/sudhir/.m2/repository/org/springframework/security/spring-security-acl/3.1.0.RELEASE/spring-security-acl-3.1.0.RELEASE.jar:/Users/sudhir/.m2/repository/org/springframework/security/spring-security-config/3.1.0.RELEASE/spring-security-config-3.1.0.RELEASE.jar:/Users/sudhir/.m2/repository/org/springframework/security/spring-security-core/3.1.0.RELEASE/spring-security-core-3.1.0.RELEASE.jar:/Users/sudhir/.m2/repository/org/springframework/security/spring-security-crypto/3.1.0.RELEASE/spring-security-crypto-3.1.0.RELEASE.jar:/Users/sudhir/.m2/repository/org/springframework/security/spring-security-taglibs/3.1.0.RELEASE/spring-security-taglibs-3.1.0.RELEASE.jar:/Users/sudhir/.m2/repository/org/springframework/security/spring-security-web/3.1.0.RELEASE/spring-security-web-3.1.0.RELEASE.jar:/Users/sudhir/.m2/repository/org/springframework/webflow/spring-js-resources/2.2.1.RELEASE/spring-js-resources-2.2.1.RELEASE.jar:/Users/sudhir/.m2/repository/postgresql/postgresql/9.1-901-1.jdbc4/postgresql-9.1-901-1.jdbc4.jar:/Users/sudhir/.m2/repository/xpp3/xpp3_min/1.1.4c/xpp3_min-1.1.4c.jar:/Users/sudhir/Projects/trials/tortlets/target/classes
-aspectpath
/Users/sudhir/.m2/repository/org/springframework/spring-aspects/3.1.1.RELEASE/spring-aspects-3.1.1.RELEASE.jar
-d
/Users/sudhir/Projects/trials/tortlets/target/classes
/Users/sudhir/Projects/trials/tortlets/src/main/java/com/softrism/tortlets/domain/Dream_Roo_Jpa_Entity.aj
/Users/sudhir/Projects/trials/tortlets/src/main/java/com/softrism/tortlets/domain/Tuser_Roo_Jpa_Entity.aj
/Users/sudhir/Projects/trials/tortlets/src/main/java/com/softrism/tortlets/domain/Tortlet_Roo_Jpa_ActiveRecord.aj
/Users/sudhir/Projects/trials/tortlets/src/main/java/com/softrism/tortlets/domain/TuserStatusEnum.java
/Users/sudhir/Projects/trials/tortlets/src/main/java/com/softrism/tortlets/web/TuserControllerAspect.aj
/Users/sudhir/Projects/trials/tortlets/src/main/java/com/softrism/tortlets/domain/Tuser_Roo_Json.aj
/Users/sudhir/Projects/trials/tortlets/src/main/java/com/softrism/tortlets/web/TortoiseControllerAspect.aj
/Users/sudhir/Projects/trials/tortlets/src/main/java/com/softrism/tortlets/domain/TortoiseDurationTypeEnum.java
/Users/sudhir/Projects/trials/tortlets/src/main/java/com/softrism/tortlets/web/SampleRequestmatcher.java
/Users/sudhir/Projects/trials/tortlets/src/main/java/com/softrism/tortlets/domain/Dream_Roo_ToString.aj
/Users/sudhir/Projects/trials/tortlets/src/main/java/com/softrism/tortlets/domain/Dream_Roo_Configurable.aj
/Users/sudhir/Projects/trials/tortlets/src/main/java/com/softrism/tortlets/domain/Tuser_Roo_Configurable.aj
/Users/sudhir/Projects/trials/tortlets/src/main/java/com/softrism/tortlets/web/TuserController_Roo_Controller_Finder.aj
/Users/sudhir/Projects/trials/tortlets/src/main/java/com/softrism/tortlets/batch/TuserReader.java
/Users/sudhir/Projects/trials/tortlets/src/main/java/com/softrism/tortlets/TortletsConstants.java
/Users/sudhir/Projects/trials/tortlets/src/main/java/com/softrism/tortlets/web/TortoiseController_Roo_Controller_Json.aj
/Users/sudhir/Projects/trials/tortlets/src/main/java/com/softrism/tortlets/batch/LogWriter.java
/Users/sudhir/Projects/trials/tortlets/src/main/java/com/softrism/tortlets/domain/Tortlet_Roo_Configurable.aj
/Users/sudhir/Projects/trials/tortlets/src/main/java/com/softrism/tortlets/web/TortletController_Roo_Controller_Json.aj
/Users/sudhir/Projects/trials/tortlets/src/main/java/com/softrism/tortlets/domain/Dream_Roo_JavaBean.aj
/Users/sudhir/Projects/trials/tortlets/src/main/java/com/softrism/tortlets/domain/DreamStatusEnum.java
/Users/sudhir/Projects/trials/tortlets/src/main/java/com/softrism/tortlets/domain/Tortlet_Roo_Jpa_Entity.aj
/Users/sudhir/Projects/trials/tortlets/src/main/java/com/softrism/tortlets/domain/TuserTimezoneEnum.java
/Users/sudhir/Projects/trials/tortlets/src/main/java/com/softrism/tortlets/domain/Dream.java
/Users/sudhir/Projects/trials/tortlets/src/main/java/com/softrism/tortlets/domain/Tortoise_Roo_Jpa_Entity.aj
/Users/sudhir/Projects/trials/tortlets/src/main/java/com/softrism/tortlets/web/TortletController_Roo_Controller.aj
/Users/sudhir/Projects/trials/tortlets/src/main/java/com/softrism/tortlets/domain/Tortlet_Roo_ToString.aj
/Users/sudhir/Projects/trials/tortlets/src/main/java/com/softrism/tortlets/web/ApplicationConversionServiceFactoryBean.java
/Users/sudhir/Projects/trials/tortlets/src/main/java/com/softrism/tortlets/web/TuserController_Roo_Controller.aj
/Users/sudhir/Projects/trials/tortlets/src/main/java/com/softrism/tortlets/web/DreamControllerAspect.aj
/Users/sudhir/Projects/trials/tortlets/src/main/java/com/softrism/tortlets/domain/Tortlet_Roo_Finder.aj
/Users/sudhir/Projects/trials/tortlets/src/main/java/com/softrism/tortlets/web/DreamController_Roo_Controller.aj
/Users/sudhir/Projects/trials/tortlets/src/main/java/com/softrism/tortlets/web/TuserController_Roo_Controller_Json.aj
/Users/sudhir/Projects/trials/tortlets/src/main/java/com/softrism/tortlets/web/TortoiseController_Roo_Controller_Finder.aj
/Users/sudhir/Projects/trials/tortlets/src/main/java/com/softrism/tortlets/web/TortletController_Roo_Controller_Finder.aj
/Users/sudhir/Projects/trials/tortlets/src/main/java/com/softrism/tortlets/domain/Tuser_Roo_Finder.aj
/Users/sudhir/Projects/trials/tortlets/src/main/java/com/softrism/tortlets/domain/Tortlet.java
/Users/sudhir/Projects/trials/tortlets/src/main/java/com/softrism/tortlets/domain/Dream_Roo_Json.aj
/Users/sudhir/Projects/trials/tortlets/src/main/java/com/softrism/tortlets/domain/Tortoise_Roo_Jpa_ActiveRecord.aj
/Users/sudhir/Projects/trials/tortlets/src/main/java/com/softrism/tortlets/web/TortletController.java
/Users/sudhir/Projects/trials/tortlets/src/main/java/com/softrism/tortlets/domain/Tuser_Roo_JavaBean.aj
/Users/sudhir/Projects/trials/tortlets/src/main/java/com/softrism/tortlets/domain/Tortlet_Roo_Json.aj
/Users/sudhir/Projects/trials/tortlets/src/main/java/com/softrism/tortlets/domain/Tortlet_Roo_JavaBean.aj
/Users/sudhir/Projects/trials/tortlets/src/main/java/com/softrism/tortlets/domain/Tortoise_Roo_ToString.aj
/Users/sudhir/Projects/trials/tortlets/src/main/java/com/softrism/tortlets/domain/TortoiseStatusEnum.java
/Users/sudhir/Projects/trials/tortlets/src/main/java/com/softrism/tortlets/batch/TortletsCreationProcessor.java
/Users/sudhir/Projects/trials/tortlets/src/main/java/com/softrism/tortlets/domain/Dream_Roo_Finder.aj
/Users/sudhir/Projects/trials/tortlets/src/main/java/com/softrism/tortlets/web/TuserController.java
/Users/sudhir/Projects/trials/tortlets/src/main/java/com/softrism/tortlets/batch/LogAdvice.java
/Users/sudhir/Projects/trials/tortlets/src/main/java/com/softrism/tortlets/web/TortoiseController.java
/Users/sudhir/Projects/trials/tortlets/src/main/java/com/softrism/tortlets/domain/Tuser_Roo_ToString.aj
/Users/sudhir/Projects/trials/tortlets/src/main/java/com/softrism/tortlets/web/TortoiseController_Roo_Controller.aj
/Users/sudhir/Projects/trials/tortlets/src/main/java/com/softrism/tortlets/web/DreamController_Roo_Controller_Json.aj
/Users/sudhir/Projects/trials/tortlets/src/main/java/com/softrism/tortlets/domain/Dream_Roo_Jpa_ActiveRecord.aj
/Users/sudhir/Projects/trials/tortlets/src/main/java/test/jdbc/datasource/DataSourceInitializer.java
/Users/sudhir/Projects/trials/tortlets/src/main/java/com/softrism/tortlets/domain/Tortoise.java
/Users/sudhir/Projects/trials/tortlets/src/main/java/com/softrism/tortlets/domain/Tuser_Roo_Jpa_ActiveRecord.aj
/Users/sudhir/Projects/trials/tortlets/src/main/java/com/softrism/tortlets/web/DreamController_Roo_Controller_Finder.aj
/Users/sudhir/Projects/trials/tortlets/src/main/java/com/softrism/tortlets/domain/Tortoise_Roo_Finder.aj
/Users/sudhir/Projects/trials/tortlets/src/main/java/com/softrism/tortlets/domain/Tortoise_Roo_Json.aj
/Users/sudhir/Projects/trials/tortlets/src/main/java/com/softrism/tortlets/web/DreamController.java
/Users/sudhir/Projects/trials/tortlets/src/main/java/com/softrism/tortlets/domain/Tortoise_Roo_Configurable.aj
/Users/sudhir/Projects/trials/tortlets/src/main/java/com/softrism/tortlets/batch/JobLauncherDetails.java
/Users/sudhir/Projects/trials/tortlets/src/main/java/com/softrism/tortlets/domain/Tortoise_Roo_JavaBean.aj
/Users/sudhir/Projects/trials/tortlets/src/main/java/com/softrism/tortlets/domain/Tuser.java
